<?xml version="1.0" encoding="UTF-8"?>
<testsuite name="com.codeanalyzer.analyzer.MethodAnalyzerTest" tests="4" skipped="0" failures="0" errors="0" timestamp="2025-04-16T08:14:45" hostname="abade34b91b3" time="0.017">
  <properties/>
  <testcase name="analyzeMethod_withComplexControlFlow_shouldIdentifyAllConditionVariables()" classname="com.codeanalyzer.analyzer.MethodAnalyzerTest" time="0.01"/>
  <testcase name="analyzeMethod_withParameters_shouldReturnCorrectParameterInfo()" classname="com.codeanalyzer.analyzer.MethodAnalyzerTest" time="0.002"/>
  <testcase name="analyzeMethod_withSimpleMethod_shouldReturnCorrectInfo()" classname="com.codeanalyzer.analyzer.MethodAnalyzerTest" time="0.001"/>
  <testcase name="analyzeMethod_withConditions_shouldIdentifyParametersInConditions()" classname="com.codeanalyzer.analyzer.MethodAnalyzerTest" time="0.003"/>
  <system-out><![CDATA[]]></system-out>
  <system-err><![CDATA[]]></system-err>
</testsuite>
