<?xml version="1.0" encoding="UTF-8"?>
<testsuite name="com.codeanalyzer.model.AnalysisResultTest" tests="5" skipped="0" failures="0" errors="0" timestamp="2025-04-16T09:22:52" hostname="586b0a3852b5" time="0.002">
  <properties/>
  <testcase name="constructor_withNonEmptyList_shouldCreateInstance()" classname="com.codeanalyzer.model.AnalysisResultTest" time="0.0"/>
  <testcase name="getMethods_shouldReturnMethodsList()" classname="com.codeanalyzer.model.AnalysisResultTest" time="0.001"/>
  <testcase name="getMethodCount_withEmptyList_shouldReturnZero()" classname="com.codeanalyzer.model.AnalysisResultTest" time="0.0"/>
  <testcase name="getMethodCount_withNonEmptyList_shouldReturnCorrectCount()" classname="com.codeanalyzer.model.AnalysisResultTest" time="0.001"/>
  <testcase name="constructor_withEmptyList_shouldCreateInstance()" classname="com.codeanalyzer.model.AnalysisResultTest" time="0.0"/>
  <system-out><![CDATA[]]></system-out>
  <system-err><![CDATA[]]></system-err>
</testsuite>
